#
# A fatal error has been detected by the Java Runtime Environment:
#
#  EXCEPTION_ILLEGAL_INSTRUCTION (0xc000001d) at pc=0x000002761d4f0e63, pid=8348, tid=13568
#
# JRE version: OpenJDK Runtime Environment (11.0.12+7) (build 11.0.12+7-b1504.28-7817840)
# Java VM: OpenJDK 64-Bit Server VM (11.0.12+7-b1504.28-7817840, mixed mode, tiered, compressed oops, g1 gc, windows-amd64)
# Problematic frame:
# J 12538 c1 org.gradle.api.internal.artifacts.transform.TransformingAsyncArtifactListener$TransformedArtifact.lambda$visit$1(Lorg/gradle/api/internal/artifacts/ivyservice/resolveengine/artifact/ArtifactVisitor;Lorg/gradle/api/internal/artifacts/transform/TransformationSubject;)V (65 bytes) @ 0x000002761d4f0e63 [0x000002761d4f0cc0+0x00000000000001a3]
#
# No core dump will be written. Minidumps are not enabled by default on client versions of Windows
#
# If you would like to submit a bug report, please visit:
#   https://bugreport.java.com/bugreport/crash.jsp
#

---------------  S U M M A R Y ------------

Command Line: --add-opens=java.base/java.util=ALL-UNNAMED --add-opens=java.base/java.lang=ALL-UNNAMED --add-opens=java.base/java.lang.invoke=ALL-UNNAMED --add-opens=java.base/java.util=ALL-UNNAMED --add-opens=java.prefs/java.util.prefs=ALL-UNNAMED --add-opens=java.prefs/java.util.prefs=ALL-UNNAMED --add-opens=java.base/java.nio.charset=ALL-UNNAMED --add-opens=java.base/java.net=ALL-UNNAMED --add-opens=java.base/java.util.concurrent.atomic=ALL-UNNAMED -Xmx2048m -Dfile.encoding=UTF-8 -Duser.country=US -Duser.language=en -Duser.variant org.gradle.launcher.daemon.bootstrap.GradleDaemon 7.3.3

Host: Intel(R) Core(TM)2 Duo CPU     E7500  @ 2.93GHz, 2 cores, 5G,  Windows 10 , 64 bit Build 19041 (10.0.19041.1739)
Time: Sat May 28 11:23:55 2022 Egypt Standard Time elapsed time: 774.136101 seconds (0d 0h 12m 54s)

---------------  T H R E A D  ---------------

Current thread (0x0000027633afa800):  JavaThread "Daemon worker Thread 2" [_thread_in_Java, id=13568, stack(0x000000ea76000000,0x000000ea76100000)]

Stack: [0x000000ea76000000,0x000000ea76100000],  sp=0x000000ea760fa110,  free space=1000k
Native frames: (J=compiled Java code, j=interpreted, Vv=VM code, C=native code)
C  0x000002761d4f0e63


siginfo: EXCEPTION_ILLEGAL_INSTRUCTION (0xc000001d)


Register to memory mapping:

RIP=0x000002761d4f0e63 is at entry_point+419 in (nmethod*)0x000002761d4f0a90
RAX=0x000000008c371fe8 is an oop: com.google.common.collect.SingletonImmutableList 
{0x000000008c371fe8} - klass: 'com/google/common/collect/SingletonImmutableList'
RBX=0x0000000100d98cc0 is a pointer to class: 
org.gradle.api.internal.artifacts.transform.TransformationSubject$SubsequentTransformationSubject {0x0000000100d98cc8}
RCX=0x0 is NULL
RDX=0x000000008c371fe8 is an oop: com.google.common.collect.SingletonImmutableList 
{0x000000008c371fe8} - klass: 'com/google/common/collect/SingletonImmutableList'
RSP=0x000000ea760fa110 is pointing into the stack for thread: 0x0000027633afa800
RBP=0x000000ea760fa478 is pointing into the stack for thread: 0x0000027633afa800
RSI=0x000002763e1447f8 is pointing into metadata
RDI=0x000002763e1447f8 is pointing into metadata
R8 =0x000000008b457008 is an oop: org.gradle.api.internal.artifacts.ivyservice.ResolvedFileCollectionVisitor 
{0x000000008b457008} - klass: 'org/gradle/api/internal/artifacts/ivyservice/ResolvedFileCollectionVisitor'
R9 =0x000000008c3721b8 is an oop: org.gradle.api.internal.artifacts.transform.TransformationSubject$SubsequentTransformationSubject 
{0x000000008c3721b8} - klass: 'org/gradle/api/internal/artifacts/transform/TransformationSubject$SubsequentTransformationSubject'
R10=0x0000027617191000 points into unknown readable memory: 0x0000000000000000 | 00 00 00 00 00 00 00 00
R11=0x000000008c32d930 is an oop: org.gradle.api.internal.artifacts.transform.TransformingAsyncArtifactListener$TransformedArtifact$$Lambda$1112/0x0000000100db9440 
{0x000000008c32d930} - klass: 'org/gradle/api/internal/artifacts/transform/TransformingAsyncArtifactListener$TransformedArtifact$$Lambda$1112'
R12=0x0 is NULL
R13=0x0 is NULL
R14=0x000000008c32d8f0 is an oop: java.util.concurrent.locks.AbstractQueuedSynchronizer$Node 
{0x000000008c32d8f0} - klass: 'java/util/concurrent/locks/AbstractQueuedSynchronizer$Node'
R15=0x0000027633afa800 is a thread


Registers:
RAX=0x000000008c371fe8, RBX=0x0000000100d98cc0, RCX=0x0000000000000000, RDX=0x000000008c371fe8
RSP=0x000000ea760fa110, RBP=0x000000ea760fa478, RSI=0x000002763e1447f8, RDI=0x000002763e1447f8
R8 =0x000000008b457008, R9 =0x000000008c3721b8, R10=0x0000027617191000, R11=0x000000008c32d930
R12=0x0000000000000000, R13=0x0000000000000000, R14=0x000000008c32d8f0, R15=0x0000027633afa800
RIP=0x000002761d4f0e63, EFLAGS=0x0000000000010282

Top of Stack: (sp=0x000000ea760fa110)
0x000000ea760fa110:   000000008c3057f0 000000008c3014e8
0x000000ea760fa120:   00000000883c8cc8 0000000000000000
0x000000ea760fa130:   0000000082244bb8 000000008c3011c0
0x000000ea760fa140:   000000008c32c778 000000008b457008
0x000000ea760fa150:   000000008c301288 000000008c32d8e0
0x000000ea760fa160:   000000ea760fa478 000002761d4f1dcc
0x000000ea760fa170:   000000ea760fa1b0 000000ea760fa478
0x000000ea760fa180:   000002761ddbe994 000000008c3011f8
0x000000ea760fa190:   0000000000000000 000000008c3014d0
0x000000ea760fa1a0:   000000ea760fa478 000002761d4f18c4
0x000000ea760fa1b0:   000000008c3014d0 0000000088d3af68
0x000000ea760fa1c0:   000000008c3010f8 0000000000000001
0x000000ea760fa1d0:   0000000000000000 000000008c32d948
0x000000ea760fa1e0:   000000ea760fa478 000002761d47a304
0x000000ea760fa1f0:   000000008c32d948 0000000000000000
0x000000ea760fa200:   000000ea760fa268 0000027637a1bed0 

Instructions: (pc=0x000002761d4f0e63)
0x000002761d4f0d63:   bf 50 01 00 00 00 00 00 00 75 17 48 89 b7 50 01
0x000002761d4f0d73:   00 00 48 c7 87 58 01 00 00 01 00 00 00 e9 2c 00
0x000002761d4f0d83:   00 00 48 81 bf 60 01 00 00 00 00 00 00 75 17 48
0x000002761d4f0d93:   89 b7 60 01 00 00 48 c7 87 68 01 00 00 01 00 00
0x000002761d4f0da3:   00 e9 08 00 00 00 48 83 87 40 01 00 00 01 49 8b
0x000002761d4f0db3:   d1 90 48 b8 c0 8c d9 00 01 00 00 00 e8 7c 67 13
0x000002761d4f0dc3:   06 48 3b 00 48 8b d0 48 be f8 47 14 3e 76 02 00
0x000002761d4f0dd3:   00 8b 52 08 48 c1 e2 03 48 3b 96 88 01 00 00 75
0x000002761d4f0de3:   0d 48 83 86 90 01 00 00 01 e9 66 00 00 00 48 3b
0x000002761d4f0df3:   96 98 01 00 00 75 0d 48 83 86 a0 01 00 00 01 e9
0x000002761d4f0e03:   50 00 00 00 48 81 be 88 01 00 00 00 00 00 00 75
0x000002761d4f0e13:   17 48 89 96 88 01 00 00 48 c7 86 90 01 00 00 01
0x000002761d4f0e23:   00 00 00 e9 2c 00 00 00 48 81 be 98 01 00 00 00
0x000002761d4f0e33:   00 00 00 75 17 48 89 96 98 01 00 00 48 c7 86 a0
0x000002761d4f0e43:   01 00 00 01 00 00 00 e9 08 00 00 00 48 83 86 78
0x000002761d4f0e53:   01 00 00 01 48 8b d0 66 66 90 08 b8 ff ff ff ff
0x000002761d4f0e63:   ff ff ff ff e8 14 9f 01 fe 48 89 44 24 40 e9 45
0x000002761d4f0e73:   03 00 00 66 90 48 8b 44 24 40 48 be f8 47 14 3e
0x000002761d4f0e83:   76 02 00 00 8b 40 08 48 c1 e0 03 48 3b 86 18 02
0x000002761d4f0e93:   00 00 75 0d 48 83 86 20 02 00 00 01 e9 66 00 00
0x000002761d4f0ea3:   00 48 3b 86 28 02 00 00 75 0d 48 83 86 30 02 00
0x000002761d4f0eb3:   00 01 e9 50 00 00 00 48 81 be 18 02 00 00 00 00
0x000002761d4f0ec3:   00 00 75 17 48 89 86 18 02 00 00 48 c7 86 20 02
0x000002761d4f0ed3:   00 00 01 00 00 00 e9 2c 00 00 00 48 81 be 28 02
0x000002761d4f0ee3:   00 00 00 00 00 00 75 17 48 89 86 28 02 00 00 48
0x000002761d4f0ef3:   c7 86 30 02 00 00 01 00 00 00 e9 08 00 00 00 48
0x000002761d4f0f03:   83 86 08 02 00 00 01 48 8b 54 24 40 66 0f 1f 44
0x000002761d4f0f13:   00 00 48 b8 d0 b2 11 00 01 00 00 00 e8 fc 43 0c
0x000002761d4f0f23:   06 48 83 f8 00 75 16 48 be f8 47 14 3e 76 02 00
0x000002761d4f0f33:   00 80 8e 39 02 00 00 01 e9 c0 00 00 00 48 bf 18
0x000002761d4f0f43:   01 03 00 01 00 00 00 8b 50 08 48 c1 e2 03 48 3b
0x000002761d4f0f53:   fa 0f 85 8a 00 00 00 48 be f8 47 14 3e 76 02 00 


Stack slot to memory mapping:
stack at sp + 0 slots: 0x000000008c3057f0 is an oop: com.google.common.collect.ImmutableList$Builder 
{0x000000008c3057f0} - klass: 'com/google/common/collect/ImmutableList$Builder'
stack at sp + 1 slots: 0x000000008c3014e8 is an oop: java.util.LinkedHashSet 
{0x000000008c3014e8} - klass: 'java/util/LinkedHashSet'
stack at sp + 2 slots: 0x00000000883c8cc8 is an oop: org.gradle.api.internal.file.collections.DefaultConfigurableFileCollection 
{0x00000000883c8cc8} - klass: 'org/gradle/api/internal/file/collections/DefaultConfigurableFileCollection'
stack at sp + 3 slots: 0x0 is NULL
stack at sp + 4 slots: 0x0000000082244bb8 is an oop: org.gradle.api.internal.file.FileCollectionStructureVisitor$VisitType 
{0x0000000082244bb8} - klass: 'org/gradle/api/internal/file/FileCollectionStructureVisitor$VisitType'
stack at sp + 5 slots: 0x000000008c3011c0 is an oop: org.gradle.api.internal.artifacts.ivyservice.resolveengine.artifact.ParallelResolveArtifactSet$VisitingSet$StartVisitAction 
{0x000000008c3011c0} - klass: 'org/gradle/api/internal/artifacts/ivyservice/resolveengine/artifact/ParallelResolveArtifactSet$VisitingSet$StartVisitAction'
stack at sp + 6 slots: 0x000000008c32c778 is an oop: org.gradle.api.internal.artifacts.transform.TransformingAsyncArtifactListener$TransformedArtifact 
{0x000000008c32c778} - klass: 'org/gradle/api/internal/artifacts/transform/TransformingAsyncArtifactListener$TransformedArtifact'
stack at sp + 7 slots: 0x000000008b457008 is an oop: org.gradle.api.internal.artifacts.ivyservice.ResolvedFileCollectionVisitor 
{0x000000008b457008} - klass: 'org/gradle/api/internal/artifacts/ivyservice/ResolvedFileCollectionVisitor'



---------------  P R O C E S S  ---------------

Threads class SMR info:
_java_thread_list=0x000002763a33a670, length=59, elements={
0x00000276179ad000, 0x0000027631249000, 0x000002763124a800, 0x000002763126b800,
0x000002763126d800, 0x000002763126e800, 0x0000027631272000, 0x0000027631b05000,
0x0000027631b10800, 0x0000027631c1d800, 0x0000027633389000, 0x00000276332a6800,
0x0000027632ca0800, 0x0000027631c21000, 0x0000027631c1e800, 0x0000027631c23000,
0x0000027631c23800, 0x0000027631c25000, 0x0000027631c24800, 0x0000027631c20800,
0x000002763455a800, 0x0000027634556800, 0x0000027633af8000, 0x0000027633b00000,
0x0000027633af7000, 0x0000027633af9800, 0x0000027633af9000, 0x0000027633afa800,
0x0000027633af6800, 0x0000027633af5000, 0x0000027633afb800, 0x0000027633af5800,
0x0000027633b01000, 0x0000027633aff800, 0x0000027633b02000, 0x0000027633afc000,
0x0000027633b02800, 0x0000027633afd000, 0x0000027633b03800, 0x0000027633afe000,
0x0000027633afe800, 0x000002763455c800, 0x000002763455d000, 0x0000027634558000,
0x0000027634557800, 0x0000027634559000, 0x0000027634562000, 0x0000027634561000,
0x000002763455f800, 0x000002763455e800, 0x0000027634560800, 0x0000027634563000,
0x0000027634563800, 0x000002763455e000, 0x0000027634564800, 0x0000027631c22000,
0x0000027631c1f800, 0x0000027638884000, 0x000002763888a800
}

Java Threads: ( => current thread )
  0x00000276179ad000 JavaThread "main" [_thread_blocked, id=6008, stack(0x000000ea74a00000,0x000000ea74b00000)]
  0x0000027631249000 JavaThread "Reference Handler" daemon [_thread_blocked, id=488, stack(0x000000ea75100000,0x000000ea75200000)]
  0x000002763124a800 JavaThread "Finalizer" daemon [_thread_blocked, id=3700, stack(0x000000ea75200000,0x000000ea75300000)]
  0x000002763126b800 JavaThread "Signal Dispatcher" daemon [_thread_blocked, id=1064, stack(0x000000ea75300000,0x000000ea75400000)]
  0x000002763126d800 JavaThread "Attach Listener" daemon [_thread_blocked, id=8804, stack(0x000000ea75400000,0x000000ea75500000)]
  0x000002763126e800 JavaThread "Service Thread" daemon [_thread_blocked, id=9796, stack(0x000000ea75500000,0x000000ea75600000)]
  0x0000027631272000 JavaThread "C2 CompilerThread0" daemon [_thread_blocked, id=8740, stack(0x000000ea75600000,0x000000ea75700000)]
  0x0000027631b05000 JavaThread "C1 CompilerThread0" daemon [_thread_blocked, id=11680, stack(0x000000ea75700000,0x000000ea75800000)]
  0x0000027631b10800 JavaThread "Sweeper thread" daemon [_thread_blocked, id=7428, stack(0x000000ea75800000,0x000000ea75900000)]
  0x0000027631c1d800 JavaThread "Common-Cleaner" daemon [_thread_blocked, id=10888, stack(0x000000ea75900000,0x000000ea75a00000)]
  0x0000027633389000 JavaThread "Daemon health stats" [_thread_blocked, id=2952, stack(0x000000ea75c00000,0x000000ea75d00000)]
  0x00000276332a6800 JavaThread "Incoming local TCP Connector on port 59549" [_thread_in_native, id=6912, stack(0x000000ea75d00000,0x000000ea75e00000)]
  0x0000027632ca0800 JavaThread "Daemon periodic checks" [_thread_blocked, id=6792, stack(0x000000ea75e00000,0x000000ea75f00000)]
  0x0000027631c21000 JavaThread "Cache worker for journal cache (C:\Users\Hamdy-PC\.gradle\caches\journal-1)" [_thread_blocked, id=2444, stack(0x000000ea76600000,0x000000ea76700000)]
  0x0000027631c1e800 JavaThread "File lock request listener" [_thread_in_native, id=10108, stack(0x000000ea76700000,0x000000ea76800000)]
  0x0000027631c23000 JavaThread "Cache worker for file hash cache (C:\Users\Hamdy-PC\.gradle\caches\7.3.3\fileHashes)" [_thread_blocked, id=9396, stack(0x000000ea76800000,0x000000ea76900000)]
  0x0000027631c23800 JavaThread "File watcher server" daemon [_thread_in_native, id=3132, stack(0x000000ea76a00000,0x000000ea76b00000)]
  0x0000027631c25000 JavaThread "File watcher consumer" daemon [_thread_blocked, id=6256, stack(0x000000ea76b00000,0x000000ea76c00000)]
  0x0000027631c24800 JavaThread "jar transforms" [_thread_blocked, id=10140, stack(0x000000ea76c00000,0x000000ea76d00000)]
  0x0000027631c20800 JavaThread "jar transforms Thread 2" [_thread_blocked, id=6836, stack(0x000000ea76d00000,0x000000ea76e00000)]
  0x000002763455a800 JavaThread "Cache worker for execution history cache (C:\Users\Hamdy-PC\.gradle\caches\7.3.3\executionHistory)" [_thread_blocked, id=12020, stack(0x000000ea77100000,0x000000ea77200000)]
  0x0000027634556800 JavaThread "Cache worker for file content cache (C:\Users\Hamdy-PC\.gradle\caches\7.3.3\fileContent)" [_thread_blocked, id=5736, stack(0x000000ea77200000,0x000000ea77300000)]
  0x0000027633af8000 JavaThread "Memory manager" [_thread_blocked, id=6228, stack(0x000000ea78b00000,0x000000ea78c00000)]
  0x0000027633b00000 JavaThread "pool-3-thread-1" [_thread_blocked, id=13688, stack(0x000000ea74700000,0x000000ea74800000)]
  0x0000027633af7000 JavaThread "Daemon Thread 2" [_thread_blocked, id=11848, stack(0x000000ea74800000,0x000000ea74900000)]
  0x0000027633af9800 JavaThread "Handler for socket connection from /127.0.0.1:59549 to /127.0.0.1:59621" [_thread_in_native, id=11776, stack(0x000000ea74900000,0x000000ea74a00000)]
  0x0000027633af9000 JavaThread "Cancel handler" [_thread_blocked, id=12228, stack(0x000000ea75f00000,0x000000ea76000000)]
=>0x0000027633afa800 JavaThread "Daemon worker Thread 2" [_thread_in_Java, id=13568, stack(0x000000ea76000000,0x000000ea76100000)]
  0x0000027633af6800 JavaThread "Asynchronous log dispatcher for DefaultDaemonConnection: socket connection from /127.0.0.1:59549 to /127.0.0.1:59621" [_thread_blocked, id=2756, stack(0x000000ea76100000,0x000000ea76200000)]
  0x0000027633af5000 JavaThread "Stdin handler" [_thread_blocked, id=7300, stack(0x000000ea76200000,0x000000ea76300000)]
  0x0000027633afb800 JavaThread "Daemon client event forwarder" [_thread_blocked, id=11204, stack(0x000000ea76300000,0x000000ea76400000)]
  0x0000027633af5800 JavaThread "Cache worker for file hash cache (C:\Users\Hamdy-PC\GithubProjects\Beauty\.gradle\7.3.3\fileHashes)" [_thread_blocked, id=10548, stack(0x000000ea76400000,0x000000ea76500000)]
  0x0000027633b01000 JavaThread "Cache worker for checksums cache (C:\Users\Hamdy-PC\GithubProjects\Beauty\.gradle\7.3.3\checksums)" [_thread_blocked, id=5924, stack(0x000000ea76500000,0x000000ea76600000)]
  0x0000027633aff800 JavaThread "Cache worker for cache directory md-supplier (C:\Users\Hamdy-PC\.gradle\caches\7.3.3\md-supplier)" [_thread_blocked, id=1540, stack(0x000000ea76900000,0x000000ea76a00000)]
  0x0000027633b02000 JavaThread "Cache worker for cache directory md-rule (C:\Users\Hamdy-PC\.gradle\caches\7.3.3\md-rule)" [_thread_blocked, id=13676, stack(0x000000ea76e00000,0x000000ea76f00000)]
  0x0000027633afc000 JavaThread "Cache worker for dependencies-accessors (C:\Users\Hamdy-PC\GithubProjects\Beauty\.gradle\7.3.3\dependencies-accessors)" [_thread_blocked, id=10848, stack(0x000000ea76f00000,0x000000ea77000000)]
  0x0000027633b02800 JavaThread "Cache worker for Build Output Cleanup Cache (C:\Users\Hamdy-PC\GithubProjects\Beauty\.gradle\buildOutputCleanup)" [_thread_blocked, id=8220, stack(0x000000ea77000000,0x000000ea77100000)]
  0x0000027633afd000 JavaThread "Unconstrained build operations" [_thread_blocked, id=12232, stack(0x000000ea77300000,0x000000ea77400000)]
  0x0000027633b03800 JavaThread "Unconstrained build operations Thread 2" [_thread_blocked, id=4508, stack(0x000000ea77400000,0x000000ea77500000)]
  0x0000027633afe000 JavaThread "Unconstrained build operations Thread 3" [_thread_blocked, id=10124, stack(0x000000ea77500000,0x000000ea77600000)]
  0x0000027633afe800 JavaThread "Unconstrained build operations Thread 4" [_thread_blocked, id=7840, stack(0x000000ea77600000,0x000000ea77700000)]
  0x000002763455c800 JavaThread "Unconstrained build operations Thread 5" [_thread_blocked, id=7484, stack(0x000000ea77700000,0x000000ea77800000)]
  0x000002763455d000 JavaThread "Unconstrained build operations Thread 6" [_thread_blocked, id=8132, stack(0x000000ea77800000,0x000000ea77900000)]
  0x0000027634558000 JavaThread "Unconstrained build operations Thread 7" [_thread_blocked, id=928, stack(0x000000ea77900000,0x000000ea77a00000)]
  0x0000027634557800 JavaThread "Unconstrained build operations Thread 8" [_thread_blocked, id=13748, stack(0x000000ea77a00000,0x000000ea77b00000)]
  0x0000027634559000 JavaThread "Unconstrained build operations Thread 9" [_thread_blocked, id=2304, stack(0x000000ea77b00000,0x000000ea77c00000)]
  0x0000027634562000 JavaThread "Unconstrained build operations Thread 10" [_thread_blocked, id=6280, stack(0x000000ea77c00000,0x000000ea77d00000)]
  0x0000027634561000 JavaThread "Unconstrained build operations Thread 11" [_thread_blocked, id=14312, stack(0x000000ea77d00000,0x000000ea77e00000)]
  0x000002763455f800 JavaThread "Unconstrained build operations Thread 12" [_thread_blocked, id=12280, stack(0x000000ea77e00000,0x000000ea77f00000)]
  0x000002763455e800 JavaThread "Unconstrained build operations Thread 13" [_thread_blocked, id=11624, stack(0x000000ea77f00000,0x000000ea78000000)]
  0x0000027634560800 JavaThread "Unconstrained build operations Thread 14" [_thread_blocked, id=4108, stack(0x000000ea78000000,0x000000ea78100000)]
  0x0000027634563000 JavaThread "Unconstrained build operations Thread 15" [_thread_blocked, id=7544, stack(0x000000ea78100000,0x000000ea78200000)]
  0x0000027634563800 JavaThread "Unconstrained build operations Thread 16" [_thread_blocked, id=1372, stack(0x000000ea78200000,0x000000ea78300000)]
  0x000002763455e000 JavaThread "Unconstrained build operations Thread 17" [_thread_blocked, id=10804, stack(0x000000ea78300000,0x000000ea78400000)]
  0x0000027634564800 JavaThread "Unconstrained build operations Thread 18" [_thread_blocked, id=7728, stack(0x000000ea78400000,0x000000ea78500000)]
  0x0000027631c22000 JavaThread "Unconstrained build operations Thread 19" [_thread_blocked, id=2012, stack(0x000000ea78500000,0x000000ea78600000)]
  0x0000027631c1f800 JavaThread "Unconstrained build operations Thread 20" [_thread_blocked, id=11644, stack(0x000000ea78600000,0x000000ea78700000)]
  0x0000027638884000 JavaThread "pool-6-thread-1" [_thread_blocked, id=8728, stack(0x000000ea78700000,0x000000ea78800000)]
  0x000002763888a800 JavaThread "Cache worker for execution history cache (C:\Users\Hamdy-PC\GithubProjects\Beauty\.gradle\7.3.3\executionHistory)" [_thread_blocked, id=14200, stack(0x000000ea78900000,0x000000ea78a00000)]

Other Threads:
  0x0000027631243800 VMThread "VM Thread" [stack: 0x000000ea75000000,0x000000ea75100000] [id=8116] _threads_hazard_ptr=0x000002763a33a670
  0x0000027631c3e800 WatcherThread [stack: 0x000000ea75a00000,0x000000ea75b00000] [id=6536]
  0x00000276179c4800 GCTaskThread "GC Thread#0" [stack: 0x000000ea74b00000,0x000000ea74c00000] [id=11572]
  0x0000027631e63800 GCTaskThread "GC Thread#1" [stack: 0x000000ea75b00000,0x000000ea75c00000] [id=4972]
  0x00000276179f5800 ConcurrentGCThread "G1 Main Marker" [stack: 0x000000ea74c00000,0x000000ea74d00000] [id=13704]
  0x00000276179f8000 ConcurrentGCThread "G1 Conc#0" [stack: 0x000000ea74d00000,0x000000ea74e00000] [id=7356]
  0x0000027617a62000 ConcurrentGCThread "G1 Refine#0" [stack: 0x000000ea74e00000,0x000000ea74f00000] [id=8100]
  0x0000027617a63000 ConcurrentGCThread "G1 Young RemSet Sampling" [stack: 0x000000ea74f00000,0x000000ea75000000] [id=13896]

Threads with active compile tasks:

VM state:synchronizing (normal execution)

VM Mutex/Monitor currently owned by a thread:  ([mutex/lock_event])
[0x00000276179a9ad0] Safepoint_lock - owner thread: 0x0000027631243800
[0x00000276179a9410] Threads_lock - owner thread: 0x0000027631243800
[0x00000276179a99b0] Heap_lock - owner thread: 0x00000276179f5800

Heap address: 0x0000000080000000, size: 2048 MB, Compressed Oops mode: 32-bit
Narrow klass base: 0x0000000000000000, Narrow klass shift: 3
Compressed class space size: 1073741824 Address: 0x0000000100000000

Heap:
 garbage-first heap   total 206848K, used 166148K [0x0000000080000000, 0x0000000100000000)
  region size 1024K, 10 young (10240K), 3 survivors (3072K)
 Metaspace       used 144519K, capacity 147747K, committed 147840K, reserved 1177600K
  class space    used 18095K, capacity 19293K, committed 19328K, reserved 1048576K
Heap Regions: E=young(eden), S=young(survivor), O=old, HS=humongous(starts), HC=humongous(continues), CS=collection set, F=free, A=archive, TAMS=top-at-mark-start (previous, next)
|   0|0x0000000080000000, 0x0000000080100000, 0x0000000080100000|100%| O|  |TAMS 0x0000000080100000, 0x0000000080000000| Updating 
|   1|0x0000000080100000, 0x0000000080200000, 0x0000000080200000|100%| O|  |TAMS 0x0000000080200000, 0x0000000080100000| Updating 
|   2|0x0000000080200000, 0x0000000080300000, 0x0000000080300000|100%| O|  |TAMS 0x0000000080300000, 0x0000000080200000| Updating 
|   3|0x0000000080300000, 0x0000000080400000, 0x0000000080400000|100%| O|  |TAMS 0x0000000080400000, 0x0000000080300000| Updating 
|   4|0x0000000080400000, 0x0000000080500000, 0x0000000080500000|100%|HS|  |TAMS 0x0000000080500000, 0x0000000080400000| Complete 
|   5|0x0000000080500000, 0x0000000080600000, 0x0000000080600000|100%|HC|  |TAMS 0x0000000080600000, 0x0000000080500000| Complete 
|   6|0x0000000080600000, 0x0000000080700000, 0x0000000080700000|100%|HC|  |TAMS 0x0000000080700000, 0x0000000080600000| Complete 
|   7|0x0000000080700000, 0x0000000080800000, 0x0000000080800000|100%| O|  |TAMS 0x0000000080800000, 0x0000000080700000| Updating 
|   8|0x0000000080800000, 0x0000000080900000, 0x0000000080900000|100%| O|  |TAMS 0x0000000080900000, 0x0000000080800000| Updating 
|   9|0x0000000080900000, 0x0000000080a00000, 0x0000000080a00000|100%| O|  |TAMS 0x0000000080a00000, 0x0000000080900000| Updating 
|  10|0x0000000080a00000, 0x0000000080b00000, 0x0000000080b00000|100%| O|  |TAMS 0x0000000080b00000, 0x0000000080a00000| Updating 
|  11|0x0000000080b00000, 0x0000000080c00000, 0x0000000080c00000|100%| O|  |TAMS 0x0000000080c00000, 0x0000000080b00000| Updating 
|  12|0x0000000080c00000, 0x0000000080d00000, 0x0000000080d00000|100%| O|  |TAMS 0x0000000080d00000, 0x0000000080c00000| Updating 
|  13|0x0000000080d00000, 0x0000000080e00000, 0x0000000080e00000|100%| O|  |TAMS 0x0000000080e00000, 0x0000000080d00000| Updating 
|  14|0x0000000080e00000, 0x0000000080f00000, 0x0000000080f00000|100%| O|  |TAMS 0x0000000080f00000, 0x0000000080e00000| Updating 
|  15|0x0000000080f00000, 0x0000000081000000, 0x0000000081000000|100%| O|  |TAMS 0x0000000081000000, 0x0000000080f00000| Updating 
|  16|0x0000000081000000, 0x0000000081100000, 0x0000000081100000|100%|HS|  |TAMS 0x0000000081100000, 0x0000000081000000| Complete 
|  17|0x0000000081100000, 0x0000000081200000, 0x0000000081200000|100%|HC|  |TAMS 0x0000000081200000, 0x0000000081100000| Complete 
|  18|0x0000000081200000, 0x0000000081300000, 0x0000000081300000|100%|HS|  |TAMS 0x0000000081300000, 0x0000000081200000| Complete 
|  19|0x0000000081300000, 0x0000000081400000, 0x0000000081400000|100%|HC|  |TAMS 0x0000000081400000, 0x0000000081300000| Complete 
|  20|0x0000000081400000, 0x0000000081500000, 0x0000000081500000|100%|HC|  |TAMS 0x0000000081500000, 0x0000000081400000| Complete 
|  21|0x0000000081500000, 0x0000000081600000, 0x0000000081600000|100%|HS|  |TAMS 0x0000000081600000, 0x0000000081500000| Complete 
|  22|0x0000000081600000, 0x0000000081700000, 0x0000000081700000|100%|HS|  |TAMS 0x0000000081700000, 0x0000000081600000| Complete 
|  23|0x0000000081700000, 0x0000000081800000, 0x0000000081800000|100%|HC|  |TAMS 0x0000000081800000, 0x0000000081700000| Complete 
|  24|0x0000000081800000, 0x0000000081900000, 0x0000000081900000|100%|HC|  |TAMS 0x0000000081900000, 0x0000000081800000| Complete 
|  25|0x0000000081900000, 0x0000000081a00000, 0x0000000081a00000|100%|HC|  |TAMS 0x0000000081a00000, 0x0000000081900000| Complete 
|  26|0x0000000081a00000, 0x0000000081b00000, 0x0000000081b00000|100%| O|  |TAMS 0x0000000081b00000, 0x0000000081a00000| Updating 
|  27|0x0000000081b00000, 0x0000000081c00000, 0x0000000081c00000|100%| O|  |TAMS 0x0000000081c00000, 0x0000000081b00000| Updating 
|  28|0x0000000081c00000, 0x0000000081d00000, 0x0000000081d00000|100%| O|  |TAMS 0x0000000081d00000, 0x0000000081c00000| Updating 
|  29|0x0000000081d00000, 0x0000000081e00000, 0x0000000081e00000|100%| O|  |TAMS 0x0000000081e00000, 0x0000000081d00000| Updating 
|  30|0x0000000081e00000, 0x0000000081f00000, 0x0000000081f00000|100%| O|  |TAMS 0x0000000081f00000, 0x0000000081e00000| Updating 
|  31|0x0000000081f00000, 0x0000000082000000, 0x0000000082000000|100%| O|  |TAMS 0x0000000082000000, 0x0000000081f00000| Updating 
|  32|0x0000000082000000, 0x0000000082100000, 0x0000000082100000|100%| O|  |TAMS 0x0000000082100000, 0x0000000082000000| Updating 
|  33|0x0000000082100000, 0x0000000082200000, 0x0000000082200000|100%| O|  |TAMS 0x0000000082200000, 0x0000000082100000| Updating 
|  34|0x0000000082200000, 0x0000000082300000, 0x0000000082300000|100%| O|  |TAMS 0x0000000082300000, 0x0000000082200000| Updating 
|  35|0x0000000082300000, 0x0000000082400000, 0x0000000082400000|100%| O|  |TAMS 0x0000000082400000, 0x0000000082300000| Updating 
|  36|0x0000000082400000, 0x0000000082500000, 0x0000000082500000|100%|HS|  |TAMS 0x0000000082500000, 0x0000000082400000| Complete 
|  37|0x0000000082500000, 0x0000000082600000, 0x0000000082600000|100%| O|  |TAMS 0x0000000082600000, 0x0000000082500000| Updating 
|  38|0x0000000082600000, 0x0000000082700000, 0x0000000082700000|100%| O|  |TAMS 0x0000000082700000, 0x0000000082600000| Updating 
|  39|0x0000000082700000, 0x0000000082800000, 0x0000000082800000|100%| O|  |TAMS 0x0000000082800000, 0x0000000082700000| Updating 
|  40|0x0000000082800000, 0x0000000082900000, 0x0000000082900000|100%| O|  |TAMS 0x0000000082900000, 0x0000000082800000| Updating 
|  41|0x0000000082900000, 0x0000000082a00000, 0x0000000082a00000|100%| O|  |TAMS 0x0000000082a00000, 0x0000000082900000| Updating 
|  42|0x0000000082a00000, 0x0000000082b00000, 0x0000000082b00000|100%| O|  |TAMS 0x0000000082b00000, 0x0000000082a00000| Updating 
|  43|0x0000000082b00000, 0x0000000082c00000, 0x0000000082c00000|100%|HS|  |TAMS 0x0000000082c00000, 0x0000000082b00000| Complete 
|  44|0x0000000082c00000, 0x0000000082d00000, 0x0000000082d00000|100%|HC|  |TAMS 0x0000000082d00000, 0x0000000082c00000| Complete 
|  45|0x0000000082d00000, 0x0000000082e00000, 0x0000000082e00000|100%|HC|  |TAMS 0x0000000082e00000, 0x0000000082d00000| Complete 
|  46|0x0000000082e00000, 0x0000000082f00000, 0x0000000082f00000|100%| O|  |TAMS 0x0000000082f00000, 0x0000000082e00000| Updating 
|  47|0x0000000082f00000, 0x0000000083000000, 0x0000000083000000|100%| O|  |TAMS 0x0000000083000000, 0x0000000082f00000| Updating 
|  48|0x0000000083000000, 0x0000000083100000, 0x0000000083100000|100%| O|  |TAMS 0x0000000083100000, 0x0000000083000000| Updating 
|  49|0x0000000083100000, 0x0000000083200000, 0x0000000083200000|100%|HS|  |TAMS 0x0000000083200000, 0x0000000083100000| Complete 
|  50|0x0000000083200000, 0x0000000083300000, 0x0000000083300000|100%|HC|  |TAMS 0x0000000083300000, 0x0000000083200000| Complete 
|  51|0x0000000083300000, 0x0000000083400000, 0x0000000083400000|100%|HC|  |TAMS 0x0000000083400000, 0x0000000083300000| Complete 
|  52|0x0000000083400000, 0x0000000083500000, 0x0000000083500000|100%|HC|  |TAMS 0x0000000083500000, 0x0000000083400000| Complete 
|  53|0x0000000083500000, 0x0000000083600000, 0x0000000083600000|100%| O|  |TAMS 0x0000000083600000, 0x0000000083500000| Updating 
|  54|0x0000000083600000, 0x0000000083700000, 0x0000000083700000|100%| O|  |TAMS 0x0000000083700000, 0x0000000083600000| Updating 
|  55|0x0000000083700000, 0x0000000083800000, 0x0000000083800000|100%| O|  |TAMS 0x0000000083800000, 0x0000000083700000| Updating 
|  56|0x0000000083800000, 0x0000000083900000, 0x0000000083900000|100%|HS|  |TAMS 0x0000000083900000, 0x0000000083800000| Complete 
|  57|0x0000000083900000, 0x0000000083a00000, 0x0000000083a00000|100%|HS|  |TAMS 0x0000000083a00000, 0x0000000083900000| Complete 
|  58|0x0000000083a00000, 0x0000000083b00000, 0x0000000083b00000|100%|HS|  |TAMS 0x0000000083b00000, 0x0000000083a00000| Complete 
|  59|0x0000000083b00000, 0x0000000083c00000, 0x0000000083c00000|100%|HS|  |TAMS 0x0000000083c00000, 0x0000000083b00000| Complete 
|  60|0x0000000083c00000, 0x0000000083d00000, 0x0000000083d00000|100%|HC|  |TAMS 0x0000000083d00000, 0x0000000083c00000| Complete 
|  61|0x0000000083d00000, 0x0000000083e00000, 0x0000000083e00000|100%|HC|  |TAMS 0x0000000083e00000, 0x0000000083d00000| Complete 
|  62|0x0000000083e00000, 0x0000000083f00000, 0x0000000083f00000|100%|HS|  |TAMS 0x0000000083f00000, 0x0000000083e00000| Complete 
|  63|0x0000000083f00000, 0x0000000084000000, 0x0000000084000000|100%|HC|  |TAMS 0x0000000084000000, 0x0000000083f00000| Complete 
|  64|0x0000000084000000, 0x0000000084100000, 0x0000000084100000|100%| O|  |TAMS 0x0000000084100000, 0x0000000084000000| Updating 
|  65|0x0000000084100000, 0x0000000084200000, 0x0000000084200000|100%| O|  |TAMS 0x0000000084200000, 0x0000000084100000| Updating 
|  66|0x0000000084200000, 0x0000000084300000, 0x0000000084300000|100%| O|  |TAMS 0x0000000084300000, 0x0000000084200000| Updating 
|  67|0x0000000084300000, 0x0000000084400000, 0x0000000084400000|100%| O|  |TAMS 0x0000000084400000, 0x0000000084300000| Updating 
|  68|0x0000000084400000, 0x0000000084500000, 0x0000000084500000|100%| O|  |TAMS 0x0000000084500000, 0x0000000084400000| Updating 
|  69|0x0000000084500000, 0x0000000084600000, 0x0000000084600000|100%| O|  |TAMS 0x0000000084600000, 0x0000000084500000| Updating 
|  70|0x0000000084600000, 0x0000000084700000, 0x0000000084700000|100%| O|  |TAMS 0x0000000084700000, 0x0000000084600000| Updating 
|  71|0x0000000084700000, 0x0000000084800000, 0x0000000084800000|100%| O|  |TAMS 0x0000000084800000, 0x0000000084700000| Updating 
|  72|0x0000000084800000, 0x0000000084900000, 0x0000000084900000|100%| O|  |TAMS 0x0000000084900000, 0x0000000084800000| Updating 
|  73|0x0000000084900000, 0x0000000084a00000, 0x0000000084a00000|100%| O|  |TAMS 0x0000000084a00000, 0x0000000084900000| Updating 
|  74|0x0000000084a00000, 0x0000000084b00000, 0x0000000084b00000|100%| O|  |TAMS 0x0000000084b00000, 0x0000000084a00000| Updating 
|  75|0x0000000084b00000, 0x0000000084c00000, 0x0000000084c00000|100%| O|  |TAMS 0x0000000084c00000, 0x0000000084b00000| Updating 
|  76|0x0000000084c00000, 0x0000000084d00000, 0x0000000084d00000|100%| O|  |TAMS 0x0000000084d00000, 0x0000000084c00000| Updating 
|  77|0x0000000084d00000, 0x0000000084e00000, 0x0000000084e00000|100%| O|  |TAMS 0x0000000084e00000, 0x0000000084d00000| Updating 
|  78|0x0000000084e00000, 0x0000000084f00000, 0x0000000084f00000|100%| O|  |TAMS 0x0000000084f00000, 0x0000000084e00000| Updating 
|  79|0x0000000084f00000, 0x0000000085000000, 0x0000000085000000|100%| O|  |TAMS 0x0000000085000000, 0x0000000084f00000| Updating 
|  80|0x0000000085000000, 0x0000000085100000, 0x0000000085100000|100%| O|  |TAMS 0x0000000085100000, 0x0000000085000000| Updating 
|  81|0x0000000085100000, 0x0000000085200000, 0x0000000085200000|100%| O|  |TAMS 0x0000000085200000, 0x0000000085100000| Updating 
|  82|0x0000000085200000, 0x0000000085300000, 0x0000000085300000|100%| O|  |TAMS 0x0000000085300000, 0x0000000085200000| Updating 
|  83|0x0000000085300000, 0x0000000085400000, 0x0000000085400000|100%| O|  |TAMS 0x0000000085400000, 0x0000000085300000| Updating 
|  84|0x0000000085400000, 0x0000000085500000, 0x0000000085500000|100%| O|  |TAMS 0x0000000085500000, 0x0000000085400000| Updating 
|  85|0x0000000085500000, 0x0000000085600000, 0x0000000085600000|100%| O|  |TAMS 0x0000000085600000, 0x0000000085500000| Updating 
|  86|0x0000000085600000, 0x0000000085700000, 0x0000000085700000|100%| O|  |TAMS 0x0000000085700000, 0x0000000085600000| Updating 
|  87|0x0000000085700000, 0x0000000085800000, 0x0000000085800000|100%| O|  |TAMS 0x0000000085800000, 0x0000000085700000| Updating 
|  88|0x0000000085800000, 0x0000000085900000, 0x0000000085900000|100%| O|  |TAMS 0x0000000085900000, 0x0000000085800000| Updating 
|  89|0x0000000085900000, 0x0000000085a00000, 0x0000000085a00000|100%| O|  |TAMS 0x0000000085a00000, 0x0000000085900000| Updating 
|  90|0x0000000085a00000, 0x0000000085b00000, 0x0000000085b00000|100%| O|  |TAMS 0x0000000085b00000, 0x0000000085a00000| Updating 
|  91|0x0000000085b00000, 0x0000000085c00000, 0x0000000085c00000|100%| O|  |TAMS 0x0000000085c00000, 0x0000000085b00000| Updating 
|  92|0x0000000085c00000, 0x0000000085d00000, 0x0000000085d00000|100%| O|  |TAMS 0x0000000085d00000, 0x0000000085c00000| Updating 
|  93|0x0000000085d00000, 0x0000000085e00000, 0x0000000085e00000|100%| O|  |TAMS 0x0000000085e00000, 0x0000000085d00000| Updating 
|  94|0x0000000085e00000, 0x0000000085f00000, 0x0000000085f00000|100%| O|  |TAMS 0x0000000085f00000, 0x0000000085e00000| Updating 
|  95|0x0000000085f00000, 0x0000000086000000, 0x0000000086000000|100%| O|  |TAMS 0x0000000086000000, 0x0000000085f00000| Updating 
|  96|0x0000000086000000, 0x0000000086100000, 0x0000000086100000|100%| O|  |TAMS 0x0000000086100000, 0x0000000086000000| Updating 
|  97|0x0000000086100000, 0x0000000086200000, 0x0000000086200000|100%| O|  |TAMS 0x0000000086200000, 0x0000000086100000| Updating 
|  98|0x0000000086200000, 0x0000000086300000, 0x0000000086300000|100%| O|  |TAMS 0x0000000086300000, 0x0000000086200000| Updating 
|  99|0x0000000086300000, 0x0000000086400000, 0x0000000086400000|100%| O|  |TAMS 0x0000000086400000, 0x0000000086300000| Updating 
| 100|0x0000000086400000, 0x0000000086500000, 0x0000000086500000|100%|HS|  |TAMS 0x0000000086500000, 0x0000000086400000| Complete 
| 101|0x0000000086500000, 0x0000000086600000, 0x0000000086600000|100%|HC|  |TAMS 0x0000000086600000, 0x0000000086500000| Complete 
| 102|0x0000000086600000, 0x0000000086700000, 0x0000000086700000|100%|HS|  |TAMS 0x0000000086700000, 0x0000000086600000| Complete 
| 103|0x0000000086700000, 0x0000000086800000, 0x0000000086800000|100%|HC|  |TAMS 0x0000000086800000, 0x0000000086700000| Complete 
| 104|0x0000000086800000, 0x0000000086900000, 0x0000000086900000|100%|HC|  |TAMS 0x0000000086900000, 0x0000000086800000| Complete 
| 105|0x0000000086900000, 0x0000000086a00000, 0x0000000086a00000|100%|HS|  |TAMS 0x0000000086a00000, 0x0000000086900000| Complete 
| 106|0x0000000086a00000, 0x0000000086b00000, 0x0000000086b00000|100%|HS|  |TAMS 0x0000000086b00000, 0x0000000086a00000| Complete 
| 107|0x0000000086b00000, 0x0000000086c00000, 0x0000000086c00000|100%|HC|  |TAMS 0x0000000086c00000, 0x0000000086b00000| Complete 
| 108|0x0000000086c00000, 0x0000000086d00000, 0x0000000086d00000|100%|HC|  |TAMS 0x0000000086d00000, 0x0000000086c00000| Complete 
| 109|0x0000000086d00000, 0x0000000086e00000, 0x0000000086e00000|100%|HC|  |TAMS 0x0000000086e00000, 0x0000000086d00000| Complete 
| 110|0x0000000086e00000, 0x0000000086f00000, 0x0000000086f00000|100%| O|  |TAMS 0x0000000086f00000, 0x0000000086e00000| Updating 
| 111|0x0000000086f00000, 0x0000000087000000, 0x0000000087000000|100%| O|  |TAMS 0x0000000087000000, 0x0000000086f00000| Updating 
| 112|0x0000000087000000, 0x0000000087100000, 0x0000000087100000|100%| O|  |TAMS 0x0000000087100000, 0x0000000087000000| Updating 
| 113|0x0000000087100000, 0x0000000087200000, 0x0000000087200000|100%| O|  |TAMS 0x0000000087200000, 0x0000000087100000| Updating 
| 114|0x0000000087200000, 0x0000000087300000, 0x0000000087300000|100%| O|  |TAMS 0x0000000087300000, 0x0000000087200000| Updating 
| 115|0x0000000087300000, 0x0000000087400000, 0x0000000087400000|100%| O|  |TAMS 0x0000000087400000, 0x0000000087300000| Updating 
| 116|0x0000000087400000, 0x0000000087500000, 0x0000000087500000|100%| O|  |TAMS 0x0000000087500000, 0x0000000087400000| Updating 
| 117|0x0000000087500000, 0x0000000087600000, 0x0000000087600000|100%| O|  |TAMS 0x0000000087600000, 0x0000000087500000| Updating 
| 118|0x0000000087600000, 0x0000000087700000, 0x0000000087700000|100%| O|  |TAMS 0x0000000087700000, 0x0000000087600000| Updating 
| 119|0x0000000087700000, 0x0000000087800000, 0x0000000087800000|100%| O|  |TAMS 0x0000000087800000, 0x0000000087700000| Updating 
| 120|0x0000000087800000, 0x0000000087900000, 0x0000000087900000|100%| O|  |TAMS 0x0000000087900000, 0x0000000087800000| Updating 
| 121|0x0000000087900000, 0x0000000087a00000, 0x0000000087a00000|100%| O|  |TAMS 0x0000000087a00000, 0x0000000087900000| Updating 
| 122|0x0000000087a00000, 0x0000000087b00000, 0x0000000087b00000|100%| O|  |TAMS 0x0000000087b00000, 0x0000000087a00000| Updating 
| 123|0x0000000087b00000, 0x0000000087c00000, 0x0000000087c00000|100%| O|  |TAMS 0x0000000087c00000, 0x0000000087b00000| Updating 
| 124|0x0000000087c00000, 0x0000000087d00000, 0x0000000087d00000|100%| O|  |TAMS 0x0000000087d00000, 0x0000000087c00000| Updating 
| 125|0x0000000087d00000, 0x0000000087e00000, 0x0000000087e00000|100%| O|  |TAMS 0x0000000087e00000, 0x0000000087d00000| Updating 
| 126|0x0000000087e00000, 0x0000000087f00000, 0x0000000087f00000|100%| O|  |TAMS 0x0000000087f00000, 0x0000000087e00000| Updating 
| 127|0x0000000087f00000, 0x0000000088000000, 0x0000000088000000|100%| O|  |TAMS 0x0000000088000000, 0x0000000087f00000| Updating 
| 128|0x0000000088000000, 0x0000000088100000, 0x0000000088100000|100%| O|  |TAMS 0x0000000088100000, 0x0000000088000000| Updating 
| 129|0x0000000088100000, 0x0000000088200000, 0x0000000088200000|100%| O|  |TAMS 0x0000000088200000, 0x0000000088100000| Updating 
| 130|0x0000000088200000, 0x0000000088300000, 0x0000000088300000|100%| O|  |TAMS 0x0000000088300000, 0x0000000088200000| Updating 
| 131|0x0000000088300000, 0x0000000088400000, 0x0000000088400000|100%| O|  |TAMS 0x0000000088400000, 0x0000000088300000| Updating 
| 132|0x0000000088400000, 0x0000000088500000, 0x0000000088500000|100%| O|  |TAMS 0x0000000088500000, 0x0000000088400000| Updating 
| 133|0x0000000088500000, 0x0000000088600000, 0x0000000088600000|100%| O|  |TAMS 0x0000000088600000, 0x0000000088500000| Updating 
| 134|0x0000000088600000, 0x0000000088700000, 0x0000000088700000|100%| O|  |TAMS 0x0000000088700000, 0x0000000088600000| Updating 
| 135|0x0000000088700000, 0x0000000088800000, 0x0000000088800000|100%| O|  |TAMS 0x0000000088800000, 0x0000000088700000| Updating 
| 136|0x0000000088800000, 0x0000000088900000, 0x0000000088900000|100%| O|  |TAMS 0x0000000088900000, 0x0000000088800000| Updating 
| 137|0x0000000088900000, 0x0000000088a00000, 0x0000000088a00000|100%| O|  |TAMS 0x0000000088a00000, 0x0000000088900000| Updating 
| 138|0x0000000088a00000, 0x0000000088b00000, 0x0000000088b00000|100%| O|  |TAMS 0x0000000088b00000, 0x0000000088a00000| Updating 
| 139|0x0000000088b00000, 0x0000000088c00000, 0x0000000088c00000|100%|HS|  |TAMS 0x0000000088c00000, 0x0000000088b00000| Complete 
| 140|0x0000000088c00000, 0x0000000088d00000, 0x0000000088d00000|100%| O|  |TAMS 0x0000000088d00000, 0x0000000088c00000| Updating 
| 141|0x0000000088d00000, 0x0000000088e00000, 0x0000000088e00000|100%| O|  |TAMS 0x0000000088e00000, 0x0000000088d00000| Updating 
| 142|0x0000000088e00000, 0x0000000088f00000, 0x0000000088f00000|100%| O|  |TAMS 0x0000000088f00000, 0x0000000088e00000| Updating 
| 143|0x0000000088f00000, 0x0000000089000000, 0x0000000089000000|100%| O|  |TAMS 0x0000000089000000, 0x0000000088f00000| Updating 
| 144|0x0000000089000000, 0x0000000089100000, 0x0000000089100000|100%| O|  |TAMS 0x0000000089100000, 0x0000000089000000| Updating 
| 145|0x0000000089100000, 0x0000000089200000, 0x0000000089200000|100%| O|  |TAMS 0x0000000089200000, 0x0000000089100000| Updating 
| 146|0x0000000089200000, 0x0000000089300000, 0x0000000089300000|100%| O|  |TAMS 0x0000000089300000, 0x0000000089200000| Updating 
| 147|0x0000000089300000, 0x0000000089400000, 0x0000000089400000|100%| O|  |TAMS 0x0000000089400000, 0x0000000089300000| Updating 
| 148|0x0000000089400000, 0x0000000089500000, 0x0000000089500000|100%| O|  |TAMS 0x0000000089500000, 0x0000000089400000| Updating 
| 149|0x0000000089500000, 0x0000000089600000, 0x0000000089600000|100%| O|  |TAMS 0x0000000089600000, 0x0000000089500000| Updating 
| 150|0x0000000089600000, 0x0000000089700000, 0x0000000089700000|100%| O|  |TAMS 0x0000000089700000, 0x0000000089600000| Updating 
| 151|0x0000000089700000, 0x0000000089800000, 0x0000000089800000|100%| O|  |TAMS 0x0000000089800000, 0x0000000089700000| Updating 
| 152|0x0000000089800000, 0x0000000089900000, 0x0000000089900000|100%| O|  |TAMS 0x0000000089900000, 0x0000000089800000| Updating 
| 153|0x0000000089900000, 0x0000000089a00000, 0x0000000089a00000|100%| O|  |TAMS 0x0000000089a00000, 0x0000000089900000| Updating 
| 154|0x0000000089a00000, 0x0000000089a12c00, 0x0000000089b00000|  7%| O|  |TAMS 0x0000000089a12c00, 0x0000000089a00000| Updating 
| 155|0x0000000089b00000, 0x0000000089b00000, 0x0000000089c00000|  0%| F|  |TAMS 0x0000000089b00000, 0x0000000089b00000| Untracked 
| 156|0x0000000089c00000, 0x0000000089c00000, 0x0000000089d00000|  0%| F|  |TAMS 0x0000000089c00000, 0x0000000089c00000| Untracked 
| 157|0x0000000089d00000, 0x0000000089d00000, 0x0000000089e00000|  0%| F|  |TAMS 0x0000000089d00000, 0x0000000089d00000| Untracked 
| 158|0x0000000089e00000, 0x0000000089e00000, 0x0000000089f00000|  0%| F|  |TAMS 0x0000000089e00000, 0x0000000089e00000| Untracked 
| 159|0x0000000089f00000, 0x0000000089f00000, 0x000000008a000000|  0%| F|  |TAMS 0x0000000089f00000, 0x0000000089f00000| Untracked 
| 160|0x000000008a000000, 0x000000008a000000, 0x000000008a100000|  0%| F|  |TAMS 0x000000008a000000, 0x000000008a000000| Untracked 
| 161|0x000000008a100000, 0x000000008a100000, 0x000000008a200000|  0%| F|  |TAMS 0x000000008a100000, 0x000000008a100000| Untracked 
| 162|0x000000008a200000, 0x000000008a200000, 0x000000008a300000|  0%| F|  |TAMS 0x000000008a200000, 0x000000008a200000| Untracked 
| 163|0x000000008a300000, 0x000000008a300000, 0x000000008a400000|  0%| F|  |TAMS 0x000000008a300000, 0x000000008a300000| Untracked 
| 164|0x000000008a400000, 0x000000008a400000, 0x000000008a500000|  0%| F|  |TAMS 0x000000008a400000, 0x000000008a400000| Untracked 
| 165|0x000000008a500000, 0x000000008a500000, 0x000000008a600000|  0%| F|  |TAMS 0x000000008a500000, 0x000000008a500000| Untracked 
| 166|0x000000008a600000, 0x000000008a600000, 0x000000008a700000|  0%| F|  |TAMS 0x000000008a600000, 0x000000008a600000| Untracked 
| 167|0x000000008a700000, 0x000000008a700000, 0x000000008a800000|  0%| F|  |TAMS 0x000000008a700000, 0x000000008a700000| Untracked 
| 168|0x000000008a800000, 0x000000008a800000, 0x000000008a900000|  0%| F|  |TAMS 0x000000008a800000, 0x000000008a800000| Untracked 
| 169|0x000000008a900000, 0x000000008a900000, 0x000000008aa00000|  0%| F|  |TAMS 0x000000008a900000, 0x000000008a900000| Untracked 
| 170|0x000000008aa00000, 0x000000008aa00000, 0x000000008ab00000|  0%| F|  |TAMS 0x000000008aa00000, 0x000000008aa00000| Untracked 
| 171|0x000000008ab00000, 0x000000008ab00000, 0x000000008ac00000|  0%| F|  |TAMS 0x000000008ab00000, 0x000000008ab00000| Untracked 
| 172|0x000000008ac00000, 0x000000008ac00000, 0x000000008ad00000|  0%| F|  |TAMS 0x000000008ac00000, 0x000000008ac00000| Untracked 
| 173|0x000000008ad00000, 0x000000008ad00000, 0x000000008ae00000|  0%| F|  |TAMS 0x000000008ad00000, 0x000000008ad00000| Untracked 
| 174|0x000000008ae00000, 0x000000008ae00000, 0x000000008af00000|  0%| F|  |TAMS 0x000000008ae00000, 0x000000008ae00000| Untracked 
| 175|0x000000008af00000, 0x000000008af00000, 0x000000008b000000|  0%| F|  |TAMS 0x000000008af00000, 0x000000008af00000| Untracked 
| 176|0x000000008b000000, 0x000000008b000000, 0x000000008b100000|  0%| F|  |TAMS 0x000000008b000000, 0x000000008b000000| Untracked 
| 177|0x000000008b100000, 0x000000008b12e4c8, 0x000000008b200000| 18%| S|CS|TAMS 0x000000008b100000, 0x000000008b100000| Complete 
| 178|0x000000008b200000, 0x000000008b200000, 0x000000008b300000|  0%| F|  |TAMS 0x000000008b200000, 0x000000008b200000| Untracked 
| 179|0x000000008b300000, 0x000000008b400000, 0x000000008b400000|100%| S|CS|TAMS 0x000000008b300000, 0x000000008b300000| Complete 
| 180|0x000000008b400000, 0x000000008b500000, 0x000000008b500000|100%| S|CS|TAMS 0x000000008b400000, 0x000000008b400000| Complete 
| 181|0x000000008b500000, 0x000000008b500000, 0x000000008b600000|  0%| F|  |TAMS 0x000000008b500000, 0x000000008b500000| Untracked 
| 182|0x000000008b600000, 0x000000008b600000, 0x000000008b700000|  0%| F|  |TAMS 0x000000008b600000, 0x000000008b600000| Untracked 
| 183|0x000000008b700000, 0x000000008b700000, 0x000000008b800000|  0%| F|  |TAMS 0x000000008b700000, 0x000000008b700000| Untracked 
| 184|0x000000008b800000, 0x000000008b800000, 0x000000008b900000|  0%| F|  |TAMS 0x000000008b800000, 0x000000008b800000| Untracked 
| 185|0x000000008b900000, 0x000000008b900000, 0x000000008ba00000|  0%| F|  |TAMS 0x000000008b900000, 0x000000008b900000| Untracked 
| 186|0x000000008ba00000, 0x000000008ba00000, 0x000000008bb00000|  0%| F|  |TAMS 0x000000008ba00000, 0x000000008ba00000| Untracked 
| 187|0x000000008bb00000, 0x000000008bb00000, 0x000000008bc00000|  0%| F|  |TAMS 0x000000008bb00000, 0x000000008bb00000| Untracked 
| 188|0x000000008bc00000, 0x000000008bc00000, 0x000000008bd00000|  0%| F|  |TAMS 0x000000008bc00000, 0x000000008bc00000| Untracked 
| 189|0x000000008bd00000, 0x000000008bd00000, 0x000000008be00000|  0%| F|  |TAMS 0x000000008bd00000, 0x000000008bd00000| Untracked 
| 190|0x000000008be00000, 0x000000008be00000, 0x000000008bf00000|  0%| F|  |TAMS 0x000000008be00000, 0x000000008be00000| Untracked 
| 191|0x000000008bf00000, 0x000000008bf00000, 0x000000008c000000|  0%| F|  |TAMS 0x000000008bf00000, 0x000000008bf00000| Untracked 
| 192|0x000000008c000000, 0x000000008c000000, 0x000000008c100000|  0%| F|  |TAMS 0x000000008c000000, 0x000000008c000000| Untracked 
| 193|0x000000008c100000, 0x000000008c100000, 0x000000008c200000|  0%| F|  |TAMS 0x000000008c100000, 0x000000008c100000| Untracked 
| 194|0x000000008c200000, 0x000000008c200000, 0x000000008c300000|  0%| F|  |TAMS 0x000000008c200000, 0x000000008c200000| Untracked 
| 195|0x000000008c300000, 0x000000008c37b3d0, 0x000000008c400000| 48%| E|  |TAMS 0x000000008c300000, 0x000000008c300000| Complete 
| 196|0x000000008c400000, 0x000000008c500000, 0x000000008c500000|100%| E|CS|TAMS 0x000000008c400000, 0x000000008c400000| Complete 
| 197|0x000000008c500000, 0x000000008c600000, 0x000000008c600000|100%| E|CS|TAMS 0x000000008c500000, 0x000000008c500000| Complete 
| 198|0x000000008c600000, 0x000000008c700000, 0x000000008c700000|100%| E|CS|TAMS 0x000000008c600000, 0x000000008c600000| Complete 
| 199|0x000000008c700000, 0x000000008c800000, 0x000000008c800000|100%| E|CS|TAMS 0x000000008c700000, 0x000000008c700000| Complete 
| 200|0x000000008c800000, 0x000000008c900000, 0x000000008c900000|100%| E|CS|TAMS 0x000000008c800000, 0x000000008c800000| Complete 
| 201|0x000000008c900000, 0x000000008ca00000, 0x000000008ca00000|100%| E|CS|TAMS 0x000000008c900000, 0x000000008c900000| Complete 

Card table byte_map: [0x000002762a8c0000,0x000002762acc0000] _byte_map_base: 0x000002762a4c0000

Marking Bits (Prev, Next): (CMBitMap*) 0x00000276179eae38, (CMBitMap*) 0x00000276179eae70
 Prev Bits: [0x000002762b0c0000, 0x000002762d0c0000)
 Next Bits: [0x000002762d0c0000, 0x000002762f0c0000)

Polling page: 0x0000027617190000

Metaspace:

Usage:
  Non-class:    125.44 MB capacity,   123.46 MB ( 98%) used,     1.63 MB (  1%) free+waste,   365.81 KB ( <1%) overhead. 
      Class:     18.84 MB capacity,    17.67 MB ( 94%) used,     1.02 MB (  5%) free+waste,   157.50 KB ( <1%) overhead. 
       Both:    144.28 MB capacity,   141.13 MB ( 98%) used,     2.64 MB (  2%) free+waste,   523.31 KB ( <1%) overhead. 

Virtual space:
  Non-class space:      126.00 MB reserved,     125.50 MB (>99%) committed 
      Class space:        1.00 GB reserved,      18.88 MB (  2%) committed 
             Both:        1.12 GB reserved,     144.38 MB ( 13%) committed 

Chunk freelists:
   Non-Class:  2.00 KB
       Class:  3.00 KB
        Both:  5.00 KB

MaxMetaspaceSize: 17179869184.00 GB
CompressedClassSpaceSize: 1.00 GB
Initial GC threshold: 20.80 MB
Current GC threshold: 240.63 MB
CDS: off

CodeHeap 'non-profiled nmethods': size=120064Kb used=10179Kb max_used=10179Kb free=109884Kb
 bounds [0x0000027622f80000, 0x0000027623980000, 0x000002762a4c0000]
CodeHeap 'profiled nmethods': size=120000Kb used=37373Kb max_used=37373Kb free=82626Kb
 bounds [0x000002761ba50000, 0x000002761ded0000, 0x0000027622f80000]
CodeHeap 'non-nmethods': size=5696Kb used=2441Kb max_used=2494Kb free=3254Kb
 bounds [0x000002761b4c0000, 0x000002761b750000, 0x000002761ba50000]
 total_blobs=17396 nmethods=16424 adapters=884
 compilation: enabled
              stopped_count=0, restarted_count=0
 full_count=0

Compilation events (20 events):
Event: 773.831 Thread 0x0000027631b05000 16545       3       org.gradle.api.internal.artifacts.ivyservice.resolutionstrategy.DefaultResolutionStrategy::<init> (36 bytes)
Event: 773.832 Thread 0x0000027631b05000 nmethod 16545 0x000002761decde90 code [0x000002761dece060, 0x000002761dece2e8]
Event: 773.834 Thread 0x0000027631b05000 16546       3       org.gradle.api.internal.artifacts.ivyservice.dependencysubstitution.DefaultDependencySubstitutions::<init> (57 bytes)
Event: 773.834 Thread 0x0000027631b05000 nmethod 16546 0x000002761dece490 code [0x000002761dece660, 0x000002761deceb38]
Event: 773.842 Thread 0x0000027631272000 16547       4       java.util.HashSet::remove (20 bytes)
Event: 773.843 Thread 0x0000027631272000 nmethod 16547 0x0000027623969c90 code [0x0000027623969e40, 0x0000027623969f28]
Event: 773.843 Thread 0x0000027631272000 16548       4       org.gradle.api.internal.collections.AbstractIterationOrderRetainingElementSource::realizePending (54 bytes)
Event: 773.853 Thread 0x0000027631272000 nmethod 16548 0x000002762396a010 code [0x000002762396a1e0, 0x000002762396a5f8]
Event: 773.858 Thread 0x0000027631272000 16549       4       java.util.Properties::getProperty (50 bytes)
Event: 773.873 Thread 0x0000027631272000 nmethod 16549 0x000002762396a910 code [0x000002762396aae0, 0x000002762396b158]
Event: 773.874 Thread 0x0000027631272000 16550       4       org.gradle.internal.component.local.model.DefaultLocalComponentMetadata$DefaultLocalConfigurationMetadata::include (12 bytes)
Event: 773.887 Thread 0x0000027631272000 nmethod 16550 0x000002762396b610 code [0x000002762396b7c0, 0x000002762396bb78]
Event: 773.942 Thread 0x0000027631b05000 16551       3       com.google.common.cache.LocalCache$Segment::removeValueFromChain (67 bytes)
Event: 773.943 Thread 0x0000027631b05000 nmethod 16551 0x000002761decec10 code [0x000002761decee40, 0x000002761decf428]
Event: 773.946 Thread 0x0000027631272000 16552       4       org.gradle.api.internal.attributes.DefaultImmutableAttributes::coerce (38 bytes)
Event: 773.957 Thread 0x0000027631272000 nmethod 16552 0x000002762396bf10 code [0x000002762396c100, 0x000002762396c718]
Event: 773.962 Thread 0x0000027631272000 16553       4       com.google.common.collect.ImmutableSet$Builder::build (24 bytes)
Event: 774.006 Thread 0x0000027631272000 nmethod 16553 0x000002762396cc90 code [0x000002762396cee0, 0x000002762396df88]
Event: 774.055 Thread 0x0000027631272000 16554       4       org.gradle.cache.internal.DefaultFileLockManager$DefaultFileLock::readFile (11 bytes)
Event: 774.100 Thread 0x0000027631272000 nmethod 16554 0x000002762396e890 code [0x000002762396eb60, 0x000002762396fec0]

GC Heap History (20 events):
Event: 756.742 GC heap before
{Heap before GC invocations=70 (full 0):
 garbage-first heap   total 206848K, used 174587K [0x0000000080000000, 0x0000000100000000)
  region size 1024K, 32 young (32768K), 3 survivors (3072K)
 Metaspace       used 129056K, capacity 132039K, committed 132096K, reserved 1165312K
  class space    used 15960K, capacity 17098K, committed 17152K, reserved 1048576K
}
Event: 756.760 GC heap after
{Heap after GC invocations=71 (full 0):
 garbage-first heap   total 206848K, used 147750K [0x0000000080000000, 0x0000000100000000)
  region size 1024K, 3 young (3072K), 3 survivors (3072K)
 Metaspace       used 129056K, capacity 132039K, committed 132096K, reserved 1165312K
  class space    used 15960K, capacity 17098K, committed 17152K, reserved 1048576K
}
Event: 757.044 GC heap before
{Heap before GC invocations=71 (full 0):
 garbage-first heap   total 206848K, used 154918K [0x0000000080000000, 0x0000000100000000)
  region size 1024K, 10 young (10240K), 3 survivors (3072K)
 Metaspace       used 129924K, capacity 132938K, committed 132992K, reserved 1165312K
  class space    used 16101K, capacity 17227K, committed 17280K, reserved 1048576K
}
Event: 757.066 GC heap after
{Heap after GC invocations=72 (full 0):
 garbage-first heap   total 206848K, used 146836K [0x0000000080000000, 0x0000000100000000)
  region size 1024K, 1 young (1024K), 1 survivors (1024K)
 Metaspace       used 129924K, capacity 132938K, committed 132992K, reserved 1165312K
  class space    used 16101K, capacity 17227K, committed 17280K, reserved 1048576K
}
Event: 760.252 GC heap before
{Heap before GC invocations=72 (full 0):
 garbage-first heap   total 206848K, used 175508K [0x0000000080000000, 0x0000000100000000)
  region size 1024K, 29 young (29696K), 1 survivors (1024K)
 Metaspace       used 131223K, capacity 134487K, committed 134784K, reserved 1167360K
  class space    used 16273K, capacity 17441K, committed 17536K, reserved 1048576K
}
Event: 760.263 GC heap after
{Heap after GC invocations=73 (full 0):
 garbage-first heap   total 206848K, used 148625K [0x0000000080000000, 0x0000000100000000)
  region size 1024K, 3 young (3072K), 3 survivors (3072K)
 Metaspace       used 131223K, capacity 134487K, committed 134784K, reserved 1167360K
  class space    used 16273K, capacity 17441K, committed 17536K, reserved 1048576K
}
Event: 761.318 GC heap before
{Heap before GC invocations=74 (full 0):
 garbage-first heap   total 206848K, used 176273K [0x0000000080000000, 0x0000000100000000)
  region size 1024K, 30 young (30720K), 3 survivors (3072K)
 Metaspace       used 132176K, capacity 135426K, committed 135680K, reserved 1167360K
  class space    used 16363K, capacity 17542K, committed 17664K, reserved 1048576K
}
Event: 761.333 GC heap after
{Heap after GC invocations=75 (full 0):
 garbage-first heap   total 206848K, used 150871K [0x0000000080000000, 0x0000000100000000)
  region size 1024K, 4 young (4096K), 4 survivors (4096K)
 Metaspace       used 132176K, capacity 135426K, committed 135680K, reserved 1167360K
  class space    used 16363K, capacity 17542K, committed 17664K, reserved 1048576K
}
Event: 762.628 GC heap before
{Heap before GC invocations=75 (full 0):
 garbage-first heap   total 206848K, used 177495K [0x0000000080000000, 0x0000000100000000)
  region size 1024K, 30 young (30720K), 4 survivors (4096K)
 Metaspace       used 136435K, capacity 139714K, committed 139904K, reserved 1171456K
  class space    used 17104K, capacity 18290K, committed 18304K, reserved 1048576K
}
Event: 762.648 GC heap after
{Heap after GC invocations=76 (full 0):
 garbage-first heap   total 206848K, used 152946K [0x0000000080000000, 0x0000000100000000)
  region size 1024K, 2 young (2048K), 2 survivors (2048K)
 Metaspace       used 136435K, capacity 139714K, committed 139904K, reserved 1171456K
  class space    used 17104K, capacity 18290K, committed 18304K, reserved 1048576K
}
Event: 764.268 GC heap before
{Heap before GC invocations=77 (full 0):
 garbage-first heap   total 206848K, used 177522K [0x0000000080000000, 0x0000000100000000)
  region size 1024K, 27 young (27648K), 2 survivors (2048K)
 Metaspace       used 138512K, capacity 141736K, committed 141952K, reserved 1173504K
  class space    used 17358K, capacity 18557K, committed 18560K, reserved 1048576K
}
Event: 764.289 GC heap after
{Heap after GC invocations=78 (full 0):
 garbage-first heap   total 206848K, used 155966K [0x0000000080000000, 0x0000000100000000)
  region size 1024K, 4 young (4096K), 4 survivors (4096K)
 Metaspace       used 138512K, capacity 141736K, committed 141952K, reserved 1173504K
  class space    used 17358K, capacity 18557K, committed 18560K, reserved 1048576K
}
Event: 765.004 GC heap before
{Heap before GC invocations=78 (full 0):
 garbage-first heap   total 206848K, used 161086K [0x0000000080000000, 0x0000000100000000)
  region size 1024K, 10 young (10240K), 4 survivors (4096K)
 Metaspace       used 139465K, capacity 142733K, committed 142848K, reserved 1173504K
  class space    used 17412K, capacity 18628K, committed 18688K, reserved 1048576K
}
Event: 765.022 GC heap after
{Heap after GC invocations=79 (full 0):
 garbage-first heap   total 206848K, used 157175K [0x0000000080000000, 0x0000000100000000)
  region size 1024K, 2 young (2048K), 2 survivors (2048K)
 Metaspace       used 139465K, capacity 142733K, committed 142848K, reserved 1173504K
  class space    used 17412K, capacity 18628K, committed 18688K, reserved 1048576K
}
Event: 768.482 GC heap before
{Heap before GC invocations=79 (full 0):
 garbage-first heap   total 206848K, used 176631K [0x0000000080000000, 0x0000000100000000)
  region size 1024K, 21 young (21504K), 2 survivors (2048K)
 Metaspace       used 139775K, capacity 143014K, committed 143104K, reserved 1173504K
  class space    used 17440K, capacity 18632K, committed 18688K, reserved 1048576K
}
Event: 768.498 GC heap after
{Heap after GC invocations=80 (full 0):
 garbage-first heap   total 206848K, used 157766K [0x0000000080000000, 0x0000000100000000)
  region size 1024K, 2 young (2048K), 2 survivors (2048K)
 Metaspace       used 139775K, capacity 143014K, committed 143104K, reserved 1173504K
  class space    used 17440K, capacity 18632K, committed 18688K, reserved 1048576K
}
Event: 772.022 GC heap before
{Heap before GC invocations=81 (full 0):
 garbage-first heap   total 206848K, used 178246K [0x0000000080000000, 0x0000000100000000)
  region size 1024K, 22 young (22528K), 2 survivors (2048K)
 Metaspace       used 142109K, capacity 145344K, committed 145536K, reserved 1175552K
  class space    used 17810K, capacity 18992K, committed 19072K, reserved 1048576K
}
Event: 772.034 GC heap after
{Heap after GC invocations=82 (full 0):
 garbage-first heap   total 206848K, used 158582K [0x0000000080000000, 0x0000000100000000)
  region size 1024K, 2 young (2048K), 2 survivors (2048K)
 Metaspace       used 142109K, capacity 145344K, committed 145536K, reserved 1175552K
  class space    used 17810K, capacity 18992K, committed 19072K, reserved 1048576K
}
Event: 773.463 GC heap before
{Heap before GC invocations=82 (full 0):
 garbage-first heap   total 206848K, used 179062K [0x0000000080000000, 0x0000000100000000)
  region size 1024K, 22 young (22528K), 2 survivors (2048K)
 Metaspace       used 144029K, capacity 147278K, committed 147584K, reserved 1177600K
  class space    used 18037K, capacity 19225K, committed 19328K, reserved 1048576K
}
Event: 773.480 GC heap after
{Heap after GC invocations=83 (full 0):
 garbage-first heap   total 206848K, used 160004K [0x0000000080000000, 0x0000000100000000)
  region size 1024K, 3 young (3072K), 3 survivors (3072K)
 Metaspace       used 144029K, capacity 147278K, committed 147584K, reserved 1177600K
  class space    used 18037K, capacity 19225K, committed 19328K, reserved 1048576K
}

Deoptimization events (20 events):
Event: 768.430 Thread 0x0000027633afa800 DEOPT PACKING pc=0x0000027623439110 sp=0x000000ea760fb0b0
Event: 768.430 Thread 0x0000027633afa800 DEOPT UNPACKING pc=0x000002761b50a1a9 sp=0x000000ea760fafc0 mode 2
Event: 769.400 Thread 0x0000027633afa800 DEOPT PACKING pc=0x000002761cc578df sp=0x000000ea760f86b0
Event: 769.400 Thread 0x0000027633afa800 DEOPT UNPACKING pc=0x000002761b50a93f sp=0x000000ea760f7b38 mode 0
Event: 772.651 Thread 0x0000027633afa800 Uncommon trap: trap_request=0xfffffff4 fr.pc=0x0000027623954300 relative=0x0000000000000160
Event: 772.651 Thread 0x0000027633afa800 Uncommon trap: reason=null_check action=make_not_entrant pc=0x0000027623954300 method=org.gradle.internal.instantiation.generator.AbstractClassGenerator.isPropertyType(Ljava/lang/Class;)Z @ 12 c2
Event: 772.651 Thread 0x0000027633afa800 DEOPT PACKING pc=0x0000027623954300 sp=0x000000ea760f8d60
Event: 772.651 Thread 0x0000027633afa800 DEOPT UNPACKING pc=0x000002761b50a1a9 sp=0x000000ea760f8d10 mode 2
Event: 772.933 Thread 0x0000027633afa800 Uncommon trap: trap_request=0xfffffff4 fr.pc=0x0000027623957700 relative=0x0000000000000160
Event: 772.933 Thread 0x0000027633afa800 Uncommon trap: reason=null_check action=make_not_entrant pc=0x0000027623957700 method=org.gradle.internal.instantiation.generator.AbstractClassGenerator.isPropertyType(Ljava/lang/Class;)Z @ 21 c2
Event: 772.934 Thread 0x0000027633afa800 DEOPT PACKING pc=0x0000027623957700 sp=0x000000ea760f9100
Event: 772.934 Thread 0x0000027633afa800 DEOPT UNPACKING pc=0x000002761b50a1a9 sp=0x000000ea760f90a0 mode 2
Event: 772.963 Thread 0x0000027633afa800 DEOPT PACKING pc=0x000002761ca74345 sp=0x000000ea760f9010
Event: 772.963 Thread 0x0000027633afa800 DEOPT UNPACKING pc=0x000002761b50a93f sp=0x000000ea760f85e0 mode 0
Event: 773.429 Thread 0x0000027633afa800 Uncommon trap: trap_request=0xfffffff4 fr.pc=0x0000027623964c10 relative=0x0000000000000790
Event: 773.429 Thread 0x0000027633afa800 Uncommon trap: reason=null_check action=make_not_entrant pc=0x0000027623964c10 method=org.gradle.internal.instantiation.generator.AbstractClassGenerator$DslMixInPropertyType.visitProperty(Lorg/gradle/internal/instantiation/generator/AbstractClassGenerator
Event: 773.429 Thread 0x0000027633afa800 DEOPT PACKING pc=0x0000027623964c10 sp=0x000000ea760f78c0
Event: 773.429 Thread 0x0000027633afa800 DEOPT UNPACKING pc=0x000002761b50a1a9 sp=0x000000ea760f7898 mode 2
Event: 773.827 Thread 0x0000027633afa800 DEOPT PACKING pc=0x000002761d0d0a47 sp=0x000000ea760f8360
Event: 773.827 Thread 0x0000027633afa800 DEOPT UNPACKING pc=0x000002761b50a93f sp=0x000000ea760f7808 mode 0

Classes redefined (0 events):
No events

Internal exceptions (20 events):
Event: 763.315 Thread 0x0000027633afa800 Exception <a 'java/lang/ClassNotFoundException'{0x000000008c228c30}: com/android/build/gradle/internal/api/ApkVariantOutputImplCustomizer> (0x000000008c228c30) thrown at [./src/hotspot/share/classfile/systemDictionary.cpp, line 231]
Event: 763.316 Thread 0x0000027633afa800 Exception <a 'java/lang/ClassNotFoundException'{0x000000008c251438}: com/android/build/gradle/internal/api/ApkVariantOutputImpl_DecoratedCustomizer> (0x000000008c251438) thrown at [./src/hotspot/share/classfile/systemDictionary.cpp, line 231]
Event: 763.349 Thread 0x0000027633afa800 Exception <a 'java/lang/ClassNotFoundException'{0x000000008c1b0728}: com/android/build/gradle/internal/api/ReadOnlyBuildTypeBeanInfo> (0x000000008c1b0728) thrown at [./src/hotspot/share/classfile/systemDictionary.cpp, line 231]
Event: 763.349 Thread 0x0000027633afa800 Exception <a 'java/lang/ClassNotFoundException'{0x000000008c1c9f78}: com/android/build/gradle/internal/api/ReadOnlyBaseConfigBeanInfo> (0x000000008c1c9f78) thrown at [./src/hotspot/share/classfile/systemDictionary.cpp, line 231]
Event: 763.350 Thread 0x0000027633afa800 Exception <a 'java/lang/ClassNotFoundException'{0x000000008c1e40f0}: com/android/build/gradle/internal/api/ReadOnlyBaseConfigCustomizer> (0x000000008c1e40f0) thrown at [./src/hotspot/share/classfile/systemDictionary.cpp, line 231]
Event: 763.352 Thread 0x0000027633afa800 Exception <a 'java/lang/ClassNotFoundException'{0x000000008c012500}: com/android/build/gradle/internal/api/ReadOnlyBuildTypeCustomizer> (0x000000008c012500) thrown at [./src/hotspot/share/classfile/systemDictionary.cpp, line 231]
Event: 763.389 Thread 0x0000027633afa800 Exception <a 'java/lang/NoSuchMethodError'{0x000000008bf0ae30}: 'void java.lang.invoke.DirectMethodHandle$Holder.invokeStatic(java.lang.Object, java.lang.Object, java.lang.Object, java.lang.Object, java.lang.Object, java.lang.Object, java.lang.Object, java.lang.Object)'> (0x000000008bf0ae30) thrown at [./src/hotspot/share/interpreter/linkResolver.cpp, line 773]
Event: 763.552 Thread 0x0000027633afa800 Implicit null exception at 0x00000276238e2a29 to 0x00000276238e2b28
Event: 764.317 Thread 0x0000027633afa800 Exception <a 'java/lang/NoSuchMethodError'{0x000000008c9e33b8}: <clinit>> (0x000000008c9e33b8) thrown at [./src/hotspot/share/prims/jni.cpp, line 1365]
Event: 764.439 Thread 0x0000027633afa800 Exception <a 'sun/nio/fs/WindowsException'{0x000000008c7b4ef8}> (0x000000008c7b4ef8) thrown at [./src/hotspot/share/prims/jni.cpp, line 615]
Event: 768.681 Thread 0x0000027633afa800 Exception <a 'sun/nio/fs/WindowsException'{0x000000008c90a590}> (0x000000008c90a590) thrown at [./src/hotspot/share/prims/jni.cpp, line 615]
Event: 768.682 Thread 0x0000027633afa800 Exception <a 'sun/nio/fs/WindowsException'{0x000000008c90a970}> (0x000000008c90a970) thrown at [./src/hotspot/share/prims/jni.cpp, line 615]
Event: 769.483 Thread 0x0000027633afa800 Exception <a 'java/lang/NullPointerException'{0x000000008c2a9ef0}> (0x000000008c2a9ef0) thrown at [./src/hotspot/share/interpreter/linkResolver.cpp, line 1440]
Event: 772.317 Thread 0x0000027633afa800 Exception <a 'sun/nio/fs/WindowsException'{0x000000008c710da8}> (0x000000008c710da8) thrown at [./src/hotspot/share/prims/jni.cpp, line 615]
Event: 772.318 Thread 0x0000027633afa800 Exception <a 'sun/nio/fs/WindowsException'{0x000000008c711e88}> (0x000000008c711e88) thrown at [./src/hotspot/share/prims/jni.cpp, line 615]
Event: 772.318 Thread 0x0000027633afa800 Exception <a 'sun/nio/fs/WindowsException'{0x000000008c712fb8}> (0x000000008c712fb8) thrown at [./src/hotspot/share/prims/jni.cpp, line 615]
Event: 772.318 Thread 0x0000027633afa800 Exception <a 'sun/nio/fs/WindowsException'{0x000000008c7140e8}> (0x000000008c7140e8) thrown at [./src/hotspot/share/prims/jni.cpp, line 615]
Event: 772.651 Thread 0x0000027633afa800 Implicit null exception at 0x00000276239541b9 to 0x00000276239542f1
Event: 772.932 Thread 0x0000027633afa800 Implicit null exception at 0x00000276239575b9 to 0x00000276239576f1
Event: 773.429 Thread 0x0000027633afa800 Implicit null exception at 0x00000276239644ee to 0x0000027623964c00

Events (20 events):
Event: 773.196 loading class com/android/build/api/artifact/impl/ArtifactsImpl
Event: 773.196 loading class com/android/build/api/artifact/impl/ArtifactsImpl done
Event: 773.196 loading class com/android/build/api/component/impl/ComponentImpl
Event: 773.196 loading class com/android/build/api/component/impl/ComponentImpl done
Event: 773.196 loading class com/android/build/api/component/impl/ComponentImpl
Event: 773.196 loading class com/android/build/api/component/impl/ComponentImpl done
Event: 773.196 loading class com/android/build/api/artifact/impl/ArtifactsImpl
Event: 773.196 loading class com/android/build/api/artifact/impl/ArtifactsImpl done
Event: 773.196 loading class com/android/build/api/artifact/impl/ArtifactsImpl
Event: 773.196 loading class com/android/build/api/artifact/impl/ArtifactsImpl done
Event: 773.311 Executing VM operation: BulkRevokeBias
Event: 773.313 Executing VM operation: BulkRevokeBias done
Event: 773.463 Executing VM operation: G1CollectForAllocation
Event: 773.481 Executing VM operation: G1CollectForAllocation done
Event: 773.539 loading class org/gradle/api/file/RegularFile
Event: 773.539 loading class org/gradle/api/file/RegularFile done
Event: 773.674 loading class com/android/build/gradle/tasks/PackageAndroidArtifact$CreationAction
Event: 773.674 loading class com/android/build/gradle/tasks/PackageAndroidArtifact$CreationAction done
Event: 773.891 Executing VM operation: CGC_Operation
Event: 773.936 Executing VM operation: CGC_Operation done


Dynamic libraries:
0x00007ff6595f0000 - 0x00007ff6595fa000 	C:\Program Files\Android\Android Studio\jre\bin\java.exe
0x00007ff8c0cb0000 - 0x00007ff8c0ea7000 	C:\WINDOWS\SYSTEM32\ntdll.dll
0x00007ff8c0ad0000 - 0x00007ff8c0b8d000 	C:\WINDOWS\System32\KERNEL32.DLL
0x00007ff8be430000 - 0x00007ff8be6fd000 	C:\WINDOWS\System32\KERNELBASE.dll
0x00007ff8be880000 - 0x00007ff8be980000 	C:\WINDOWS\System32\ucrtbase.dll
0x00007ff891890000 - 0x00007ff8918a7000 	C:\Program Files\Android\Android Studio\jre\bin\VCRUNTIME140.dll
0x00007ff8916c0000 - 0x00007ff8916d9000 	C:\Program Files\Android\Android Studio\jre\bin\jli.dll
0x00007ff8bfe90000 - 0x00007ff8c0030000 	C:\WINDOWS\System32\USER32.dll
0x00007ff8be700000 - 0x00007ff8be722000 	C:\WINDOWS\System32\win32u.dll
0x00007ff8bed70000 - 0x00007ff8bed9a000 	C:\WINDOWS\System32\GDI32.dll
0x00007ff8bd710000 - 0x00007ff8bd9aa000 	C:\WINDOWS\WinSxS\amd64_microsoft.windows.common-controls_6595b64144ccf1df_6.0.19041.1110_none_60b5254171f9507e\COMCTL32.dll
0x00007ff8bec60000 - 0x00007ff8bed6b000 	C:\WINDOWS\System32\gdi32full.dll
0x00007ff8bf550000 - 0x00007ff8bf5ee000 	C:\WINDOWS\System32\msvcrt.dll
0x00007ff8be730000 - 0x00007ff8be7cd000 	C:\WINDOWS\System32\msvcp_win.dll
0x00007ff8bf2b0000 - 0x00007ff8bf2e0000 	C:\WINDOWS\System32\IMM32.DLL
0x00007ff88bc60000 - 0x00007ff88bcfd000 	C:\Program Files\Android\Android Studio\jre\bin\msvcp140.dll
0x00007ff866910000 - 0x00007ff8673f5000 	C:\Program Files\Android\Android Studio\jre\bin\server\jvm.dll
0x00007ff8c0030000 - 0x00007ff8c00de000 	C:\WINDOWS\System32\ADVAPI32.dll
0x00007ff8bf5f0000 - 0x00007ff8bf68c000 	C:\WINDOWS\System32\sechost.dll
0x00007ff8befc0000 - 0x00007ff8bf0e5000 	C:\WINDOWS\System32\RPCRT4.dll
0x00007ff8bf470000 - 0x00007ff8bf478000 	C:\WINDOWS\System32\PSAPI.DLL
0x00007ff897610000 - 0x00007ff897637000 	C:\WINDOWS\SYSTEM32\WINMM.dll
0x00007ff8bb9e0000 - 0x00007ff8bb9e9000 	C:\WINDOWS\SYSTEM32\WSOCK32.dll
0x00007ff8bf4e0000 - 0x00007ff8bf54b000 	C:\WINDOWS\System32\WS2_32.dll
0x00007ff8bc590000 - 0x00007ff8bc59a000 	C:\WINDOWS\SYSTEM32\VERSION.dll
0x00007ff8bc690000 - 0x00007ff8bc6a2000 	C:\WINDOWS\SYSTEM32\kernel.appcore.dll
0x00007ff8bb600000 - 0x00007ff8bb611000 	C:\Program Files\Android\Android Studio\jre\bin\verify.dll
0x00007ff8bdc80000 - 0x00007ff8bde64000 	C:\WINDOWS\SYSTEM32\DBGHELP.DLL
0x00007ff8bdbd0000 - 0x00007ff8bdbfc000 	C:\WINDOWS\SYSTEM32\dbgcore.DLL
0x00007ff8be980000 - 0x00007ff8bea02000 	C:\WINDOWS\System32\bcryptPrimitives.dll
0x00007ff8b5b30000 - 0x00007ff8b5b59000 	C:\Program Files\Android\Android Studio\jre\bin\java.dll
0x00007ff8bb5f0000 - 0x00007ff8bb5fb000 	C:\Program Files\Android\Android Studio\jre\bin\jimage.dll
0x00007ff8b90f0000 - 0x00007ff8b9108000 	C:\Program Files\Android\Android Studio\jre\bin\zip.dll
0x00007ff8bf740000 - 0x00007ff8bfe84000 	C:\WINDOWS\System32\SHELL32.dll
0x00007ff8bbbd0000 - 0x00007ff8bc364000 	C:\WINDOWS\SYSTEM32\windows.storage.dll
0x00007ff8c0190000 - 0x00007ff8c04e4000 	C:\WINDOWS\System32\combase.dll
0x00007ff8bda40000 - 0x00007ff8bda6c000 	C:\WINDOWS\SYSTEM32\Wldp.dll
0x00007ff8bf690000 - 0x00007ff8bf73d000 	C:\WINDOWS\System32\SHCORE.dll
0x00007ff8bf2e0000 - 0x00007ff8bf335000 	C:\WINDOWS\System32\shlwapi.dll
0x00007ff8be370000 - 0x00007ff8be38f000 	C:\WINDOWS\SYSTEM32\profapi.dll
0x00007ff8b5820000 - 0x00007ff8b583a000 	C:\Program Files\Android\Android Studio\jre\bin\net.dll
0x00007ff8ac0f0000 - 0x00007ff8ac1fa000 	C:\WINDOWS\SYSTEM32\WINHTTP.dll
0x00007ff8bd500000 - 0x00007ff8bd56a000 	C:\WINDOWS\system32\mswsock.dll
0x00007ff8b2a10000 - 0x00007ff8b2a24000 	C:\Program Files\Android\Android Studio\jre\bin\nio.dll
0x00007ff890f10000 - 0x00007ff890f37000 	C:\Users\Hamdy-PC\.gradle\native\e1d6ef7f7dcc3fd88c89a11ec53ec762bb8ba0a96d01ffa2cd45eb1d1d8dd5c5\windows-amd64\native-platform.dll
0x00007ff87b770000 - 0x00007ff87b8b4000 	C:\Users\Hamdy-PC\.gradle\native\5664cfc778a61ccfe75a443a1ab52a65af34e5dc3c78e0209fed803814484fcb\windows-amd64\native-platform-file-events.dll
0x00007ff8ba1f0000 - 0x00007ff8ba1fa000 	C:\Program Files\Android\Android Studio\jre\bin\management.dll
0x00007ff8ba140000 - 0x00007ff8ba14d000 	C:\Program Files\Android\Android Studio\jre\bin\management_ext.dll
0x00007ff8bdf90000 - 0x00007ff8bdfa8000 	C:\WINDOWS\SYSTEM32\CRYPTSP.dll
0x00007ff8bce40000 - 0x00007ff8bce74000 	C:\WINDOWS\system32\rsaenh.dll
0x00007ff8bec30000 - 0x00007ff8bec57000 	C:\WINDOWS\System32\bcrypt.dll
0x00007ff8be330000 - 0x00007ff8be35e000 	C:\WINDOWS\SYSTEM32\USERENV.dll
0x00007ff8bd9b0000 - 0x00007ff8bd9bc000 	C:\WINDOWS\SYSTEM32\CRYPTBASE.dll
0x00007ff8bd1b0000 - 0x00007ff8bd1eb000 	C:\WINDOWS\SYSTEM32\IPHLPAPI.DLL
0x00007ff8bf2a0000 - 0x00007ff8bf2a8000 	C:\WINDOWS\System32\NSI.dll
0x00007ff8b3540000 - 0x00007ff8b3557000 	C:\WINDOWS\SYSTEM32\dhcpcsvc6.DLL
0x00007ff8b2f50000 - 0x00007ff8b2f6d000 	C:\WINDOWS\SYSTEM32\dhcpcsvc.DLL
0x00007ff8bd1f0000 - 0x00007ff8bd2bb000 	C:\WINDOWS\SYSTEM32\DNSAPI.dll

dbghelp: loaded successfully - version: 4.0.5 - missing functions: none
symbol engine: initialized successfully - sym options: 0x614 - pdb path: .;C:\Program Files\Android\Android Studio\jre\bin;C:\WINDOWS\SYSTEM32;C:\WINDOWS\WinSxS\amd64_microsoft.windows.common-controls_6595b64144ccf1df_6.0.19041.1110_none_60b5254171f9507e;C:\Program Files\Android\Android Studio\jre\bin\server;C:\Users\Hamdy-PC\.gradle\native\e1d6ef7f7dcc3fd88c89a11ec53ec762bb8ba0a96d01ffa2cd45eb1d1d8dd5c5\windows-amd64;C:\Users\Hamdy-PC\.gradle\native\5664cfc778a61ccfe75a443a1ab52a65af34e5dc3c78e0209fed803814484fcb\windows-amd64

VM Arguments:
jvm_args: --add-opens=java.base/java.util=ALL-UNNAMED --add-opens=java.base/java.lang=ALL-UNNAMED --add-opens=java.base/java.lang.invoke=ALL-UNNAMED --add-opens=java.base/java.util=ALL-UNNAMED --add-opens=java.prefs/java.util.prefs=ALL-UNNAMED --add-opens=java.prefs/java.util.prefs=ALL-UNNAMED --add-opens=java.base/java.nio.charset=ALL-UNNAMED --add-opens=java.base/java.net=ALL-UNNAMED --add-opens=java.base/java.util.concurrent.atomic=ALL-UNNAMED -Xmx2048m -Dfile.encoding=UTF-8 -Duser.country=US -Duser.language=en -Duser.variant 
java_command: org.gradle.launcher.daemon.bootstrap.GradleDaemon 7.3.3
java_class_path (initial): C:\Users\Hamdy-PC\.gradle\wrapper\dists\gradle-7.3.3-bin\6a41zxkdtcxs8rphpq6y0069z\gradle-7.3.3\lib\gradle-launcher-7.3.3.jar
Launcher Type: SUN_STANDARD

[Global flags]
     intx CICompilerCount                          = 2                                         {product} {ergonomic}
     uint ConcGCThreads                            = 1                                         {product} {ergonomic}
     uint G1ConcRefinementThreads                  = 2                                         {product} {ergonomic}
   size_t G1HeapRegionSize                         = 1048576                                   {product} {ergonomic}
    uintx GCDrainStackTargetSize                   = 64                                        {product} {ergonomic}
   size_t InitialHeapSize                          = 100663296                                 {product} {ergonomic}
   size_t MarkStackSize                            = 4194304                                   {product} {ergonomic}
   size_t MaxHeapSize                              = 2147483648                                {product} {command line}
   size_t MaxNewSize                               = 1287651328                                {product} {ergonomic}
   size_t MinHeapDeltaBytes                        = 1048576                                   {product} {ergonomic}
    uintx NonNMethodCodeHeapSize                   = 5825164                                {pd product} {ergonomic}
    uintx NonProfiledCodeHeapSize                  = 122916538                              {pd product} {ergonomic}
    uintx ProfiledCodeHeapSize                     = 122916538                              {pd product} {ergonomic}
    uintx ReservedCodeCacheSize                    = 251658240                              {pd product} {ergonomic}
     bool SegmentedCodeCache                       = true                                      {product} {ergonomic}
     bool UseCompressedClassPointers               = true                                 {lp64_product} {ergonomic}
     bool UseCompressedOops                        = true                                 {lp64_product} {ergonomic}
     bool UseG1GC                                  = true                                      {product} {ergonomic}
     bool UseLargePagesIndividualAllocation        = false                                  {pd product} {ergonomic}

Logging:
Log output configuration:
 #0: stdout all=warning uptime,level,tags
 #1: stderr all=off uptime,level,tags

Environment Variables:
PATH=C:\Program Files (x86)\Common Files\Oracle\Java\javapath;C:\ProgramData\Oracle\Java\javapath;C:\WINDOWS\system32;C:\WINDOWS;C:\WINDOWS\System32\Wbem;C:\WINDOWS\System32\WindowsPowerShell\v1.0\;C:\WINDOWS\System32\OpenSSH\;C:\Program Files\Microsoft SQL Server\110\Tools\Binn\;C:\Program Files\Git\cmd;C:\Users\Hamdy-PC\AppData\Local\Microsoft\WindowsApps;C:\MinGW\bin;C:\Users\Hamdy-PC\AppData\Local\GitHubDesktop\bin
USERNAME=Hamdy-PC
OS=Windows_NT
PROCESSOR_IDENTIFIER=Intel64 Family 6 Model 23 Stepping 10, GenuineIntel



---------------  S Y S T E M  ---------------

OS: Windows 10 , 64 bit Build 19041 (10.0.19041.1739)
OS uptime: 2 days 1:15 hours

CPU:total 2 (initial active 2) (2 cores per cpu, 1 threads per core) family 6 model 23 stepping 10 microcode 0xa0c, cmov, cx8, fxsr, mmx, sse, sse2, sse3, ssse3, sse4.1, tsc

Memory: 4k page, system-wide physical 6109M (922M free)
TotalPageFile size 13030M (AvailPageFile size 4488M)
current process WorkingSet (physical memory assigned to process): 537M, peak: 537M
current process commit charge ("private bytes"): 566M, peak: 566M

vm_info: OpenJDK 64-Bit Server VM (11.0.12+7-b1504.28-7817840) for windows-amd64 JRE (11.0.12+7-b1504.28-7817840), built on Oct 13 2021 22:12:33 by "builder" with MS VC++ 14.0 (VS2015)

END.
